[debug] [2025-08-24T19:26:37.188Z] ----------------------------------------------------------------------
[debug] [2025-08-24T19:26:37.190Z] Command:       C:\Program Files\nodejs\node.exe C:\Users\Sini T P\AppData\Roaming\npm\node_modules\firebase-tools\lib\bin\firebase.js init hosting
[debug] [2025-08-24T19:26:37.190Z] CLI Version:   14.14.0
[debug] [2025-08-24T19:26:37.190Z] Platform:      win32
[debug] [2025-08-24T19:26:37.190Z] Node Version:  v22.18.0
[debug] [2025-08-24T19:26:37.191Z] Time:          Sun Aug 24 2025 21:26:37 GMT+0200 (Central European Summer Time)
[debug] [2025-08-24T19:26:37.191Z] ----------------------------------------------------------------------
[debug] 
[debug] [2025-08-24T19:26:37.196Z] > command requires scopes: ["email","openid","https://www.googleapis.com/auth/cloudplatformprojects.readonly","https://www.googleapis.com/auth/firebase","https://www.googleapis.com/auth/cloud-platform"]
[debug] [2025-08-24T19:26:37.197Z] > authorizing via signed-in user (sinitp2015@gmail.com)
[info] 
     ######## #### ########  ######## ########     ###     ######  ########
     ##        ##  ##     ## ##       ##     ##  ##   ##  ##       ##
     ######    ##  ########  ######   ########  #########  ######  ######
     ##        ##  ##    ##  ##       ##     ## ##     ##       ## ##
     ##       #### ##     ## ######## ########  ##     ##  ######  ########

You're about to initialize a Firebase project in this directory:

  C:\Users\Sini T P\OneDrive\Desktop\Project\french website\CascadeProjects\windsurf-project

[info] 
=== Project Setup
[info] 
[info] First, let's associate this project directory with a Firebase project.
[info] You can create multiple project aliases by running firebase use --add, 
[info] but for now we'll just set up a default project.
[info] 
[info] i  If you want to create a project in a Google Cloud organization or folder, please use "firebase projects:create" instead, and return to this command when you've created the project. 
